<?xml version="1.0" encoding="UTF-8"?>
<!-- Generated by org.testng.reporters.JUnitReportReporter -->
<testsuite skipped="0" hostname="NIT-LPT-R117" name="Ace_Invoice.Test.Runner" tests="1" failures="0" timestamp="28 Aug 2019 13:59:01 GMT" time="16.741" errors="0">
  <testcase name="test" time="16.741" classname="Ace_Invoice.Test.Runner"/>
</testsuite> <!-- Ace_Invoice.Test.Runner -->
