<?xml version="1.0" encoding="UTF-8"?>
<!-- Generated by org.testng.reporters.JUnitReportReporter -->
<testsuite skipped="0" hostname="NIT-LPT-R117" name="Ace_Invoice.Test.AceSign" tests="1" failures="0" timestamp="01 Sep 2019 07:32:37 GMT" time="30.573" errors="0">
  <testcase name="test" time="30.573" classname="Ace_Invoice.Test.AceSign"/>
</testsuite> <!-- Ace_Invoice.Test.AceSign -->
